2024-04-24T11:47:48.375+05:30  INFO 23916 --- [ibm-springboot-demo] [restartedMain] com.ibm.springboot.demo.App              : Starting App using Java 17.0.10 with PID 23916 (C:\Users\SiddharthBhamare\Documents\workspace-spring-tool-suite-4-4.22.0.RELEASE\ibm-spring-demo\ibm-springboot-demo\ibm-springboot-demo\target\classes started by SiddharthBhamare in C:\Users\SiddharthBhamare\Documents\workspace-spring-tool-suite-4-4.22.0.RELEASE\ibm-spring-demo\ibm-springboot-demo\ibm-springboot-demo)
2024-04-24T11:47:48.380+05:30  INFO 23916 --- [ibm-springboot-demo] [restartedMain] com.ibm.springboot.demo.App              : No active profile set, falling back to 1 default profile: "default"
2024-04-24T11:47:48.373+05:30  INFO 13428 --- [ibm-springboot-demo] [restartedMain] com.ibm.springboot.demo.App              : Starting App using Java 17.0.10 with PID 13428 (C:\Users\SiddharthBhamare\Documents\workspace-spring-tool-suite-4-4.22.0.RELEASE\ibm-spring-demo\ibm-springboot-demo\ibm-springboot-demo\target\classes started by SiddharthBhamare in C:\Users\SiddharthBhamare\Documents\workspace-spring-tool-suite-4-4.22.0.RELEASE\ibm-spring-demo\ibm-springboot-demo\ibm-springboot-demo)
2024-04-24T11:47:48.384+05:30  INFO 13428 --- [ibm-springboot-demo] [restartedMain] com.ibm.springboot.demo.App              : No active profile set, falling back to 1 default profile: "default"
2024-04-24T11:47:48.464+05:30  INFO 23916 --- [ibm-springboot-demo] [restartedMain] .e.DevToolsPropertyDefaultsPostProcessor : Devtools property defaults active! Set 'spring.devtools.add-properties' to 'false' to disable
2024-04-24T11:47:48.464+05:30  INFO 23916 --- [ibm-springboot-demo] [restartedMain] .e.DevToolsPropertyDefaultsPostProcessor : For additional web related logging consider setting the 'logging.level.web' property to 'DEBUG'
2024-04-24T11:47:48.465+05:30  INFO 13428 --- [ibm-springboot-demo] [restartedMain] .e.DevToolsPropertyDefaultsPostProcessor : Devtools property defaults active! Set 'spring.devtools.add-properties' to 'false' to disable
2024-04-24T11:47:48.465+05:30  INFO 13428 --- [ibm-springboot-demo] [restartedMain] .e.DevToolsPropertyDefaultsPostProcessor : For additional web related logging consider setting the 'logging.level.web' property to 'DEBUG'
2024-04-24T11:47:50.097+05:30  INFO 13428 --- [ibm-springboot-demo] [restartedMain] .s.d.r.c.RepositoryConfigurationDelegate : Bootstrapping Spring Data MongoDB repositories in DEFAULT mode.
2024-04-24T11:47:50.097+05:30  INFO 23916 --- [ibm-springboot-demo] [restartedMain] .s.d.r.c.RepositoryConfigurationDelegate : Bootstrapping Spring Data MongoDB repositories in DEFAULT mode.
2024-04-24T11:47:50.193+05:30  INFO 13428 --- [ibm-springboot-demo] [restartedMain] .s.d.r.c.RepositoryConfigurationDelegate : Finished Spring Data repository scanning in 86 ms. Found 2 MongoDB repository interfaces.
2024-04-24T11:47:50.196+05:30  INFO 23916 --- [ibm-springboot-demo] [restartedMain] .s.d.r.c.RepositoryConfigurationDelegate : Finished Spring Data repository scanning in 91 ms. Found 2 MongoDB repository interfaces.
2024-04-24T11:47:51.557+05:30  INFO 13428 --- [ibm-springboot-demo] [restartedMain] o.s.b.w.embedded.tomcat.TomcatWebServer  : Tomcat initialized with port 9090 (http)
2024-04-24T11:47:51.559+05:30  INFO 23916 --- [ibm-springboot-demo] [restartedMain] o.s.b.w.embedded.tomcat.TomcatWebServer  : Tomcat initialized with port 9090 (http)
2024-04-24T11:47:51.576+05:30  INFO 23916 --- [ibm-springboot-demo] [restartedMain] o.apache.catalina.core.StandardService   : Starting service [Tomcat]
2024-04-24T11:47:51.577+05:30  INFO 23916 --- [ibm-springboot-demo] [restartedMain] o.apache.catalina.core.StandardEngine    : Starting Servlet engine: [Apache Tomcat/10.1.19]
2024-04-24T11:47:51.577+05:30  INFO 13428 --- [ibm-springboot-demo] [restartedMain] o.apache.catalina.core.StandardService   : Starting service [Tomcat]
2024-04-24T11:47:51.579+05:30  INFO 13428 --- [ibm-springboot-demo] [restartedMain] o.apache.catalina.core.StandardEngine    : Starting Servlet engine: [Apache Tomcat/10.1.19]
2024-04-24T11:47:51.681+05:30  INFO 23916 --- [ibm-springboot-demo] [restartedMain] o.a.c.c.C.[Tomcat].[localhost].[/]       : Initializing Spring embedded WebApplicationContext
2024-04-24T11:47:51.682+05:30  INFO 23916 --- [ibm-springboot-demo] [restartedMain] w.s.c.ServletWebServerApplicationContext : Root WebApplicationContext: initialization completed in 3217 ms
2024-04-24T11:47:51.683+05:30  INFO 13428 --- [ibm-springboot-demo] [restartedMain] o.a.c.c.C.[Tomcat].[localhost].[/]       : Initializing Spring embedded WebApplicationContext
2024-04-24T11:47:51.684+05:30  INFO 13428 --- [ibm-springboot-demo] [restartedMain] w.s.c.ServletWebServerApplicationContext : Root WebApplicationContext: initialization completed in 3218 ms
2024-04-24T11:47:52.420+05:30  INFO 23916 --- [ibm-springboot-demo] [restartedMain] org.mongodb.driver.client                : MongoClient with metadata {"driver": {"name": "mongo-java-driver|sync|spring-boot", "version": "4.11.1"}, "os": {"type": "Windows", "name": "Windows 11", "architecture": "amd64", "version": "10.0"}, "platform": "Java/Eclipse Adoptium/17.0.10+7"} created with settings MongoClientSettings{readPreference=primary, writeConcern=WriteConcern{w=null, wTimeout=null ms, journal=null}, retryWrites=true, retryReads=true, readConcern=ReadConcern{level=null}, credential=null, transportSettings=null, streamFactoryFactory=null, commandListeners=[io.micrometer.core.instrument.binder.mongodb.MongoMetricsCommandListener@4e65a504], codecRegistry=ProvidersCodecRegistry{codecProviders=[ValueCodecProvider{}, BsonValueCodecProvider{}, DBRefCodecProvider{}, DBObjectCodecProvider{}, DocumentCodecProvider{}, CollectionCodecProvider{}, IterableCodecProvider{}, MapCodecProvider{}, GeoJsonCodecProvider{}, GridFSFileCodecProvider{}, Jsr310CodecProvider{}, JsonObjectCodecProvider{}, BsonCodecProvider{}, EnumCodecProvider{}, com.mongodb.client.model.mql.ExpressionCodecProvider@76aae72a, com.mongodb.Jep395RecordCodecProvider@5a7f2429, com.mongodb.KotlinCodecProvider@c5c3ce8]}, loggerSettings=LoggerSettings{maxDocumentLength=1000}, clusterSettings={hosts=[localhost:27017], srvServiceName=mongodb, mode=SINGLE, requiredClusterType=UNKNOWN, requiredReplicaSetName='null', serverSelector='null', clusterListeners='[]', serverSelectionTimeout='30000 ms', localThreshold='15 ms'}, socketSettings=SocketSettings{connectTimeoutMS=10000, readTimeoutMS=0, receiveBufferSize=0, proxySettings=ProxySettings{host=null, port=null, username=null, password=null}}, heartbeatSocketSettings=SocketSettings{connectTimeoutMS=10000, readTimeoutMS=10000, receiveBufferSize=0, proxySettings=ProxySettings{host=null, port=null, username=null, password=null}}, connectionPoolSettings=ConnectionPoolSettings{maxSize=100, minSize=0, maxWaitTimeMS=120000, maxConnectionLifeTimeMS=0, maxConnectionIdleTimeMS=0, maintenanceInitialDelayMS=0, maintenanceFrequencyMS=60000, connectionPoolListeners=[io.micrometer.core.instrument.binder.mongodb.MongoMetricsConnectionPoolListener@6ff2e5e2], maxConnecting=2}, serverSettings=ServerSettings{heartbeatFrequencyMS=10000, minHeartbeatFrequencyMS=500, serverListeners='[]', serverMonitorListeners='[]'}, sslSettings=SslSettings{enabled=false, invalidHostNameAllowed=false, context=null}, applicationName='null', compressorList=[], uuidRepresentation=JAVA_LEGACY, serverApi=null, autoEncryptionSettings=null, dnsClient=null, inetAddressResolver=null, contextProvider=null}
2024-04-24T11:47:52.425+05:30  INFO 13428 --- [ibm-springboot-demo] [restartedMain] org.mongodb.driver.client                : MongoClient with metadata {"driver": {"name": "mongo-java-driver|sync|spring-boot", "version": "4.11.1"}, "os": {"type": "Windows", "name": "Windows 11", "architecture": "amd64", "version": "10.0"}, "platform": "Java/Eclipse Adoptium/17.0.10+7"} created with settings MongoClientSettings{readPreference=primary, writeConcern=WriteConcern{w=null, wTimeout=null ms, journal=null}, retryWrites=true, retryReads=true, readConcern=ReadConcern{level=null}, credential=null, transportSettings=null, streamFactoryFactory=null, commandListeners=[io.micrometer.core.instrument.binder.mongodb.MongoMetricsCommandListener@2d15978e], codecRegistry=ProvidersCodecRegistry{codecProviders=[ValueCodecProvider{}, BsonValueCodecProvider{}, DBRefCodecProvider{}, DBObjectCodecProvider{}, DocumentCodecProvider{}, CollectionCodecProvider{}, IterableCodecProvider{}, MapCodecProvider{}, GeoJsonCodecProvider{}, GridFSFileCodecProvider{}, Jsr310CodecProvider{}, JsonObjectCodecProvider{}, BsonCodecProvider{}, EnumCodecProvider{}, com.mongodb.client.model.mql.ExpressionCodecProvider@478ef38c, com.mongodb.Jep395RecordCodecProvider@7eb13801, com.mongodb.KotlinCodecProvider@353649b]}, loggerSettings=LoggerSettings{maxDocumentLength=1000}, clusterSettings={hosts=[localhost:27017], srvServiceName=mongodb, mode=SINGLE, requiredClusterType=UNKNOWN, requiredReplicaSetName='null', serverSelector='null', clusterListeners='[]', serverSelectionTimeout='30000 ms', localThreshold='15 ms'}, socketSettings=SocketSettings{connectTimeoutMS=10000, readTimeoutMS=0, receiveBufferSize=0, proxySettings=ProxySettings{host=null, port=null, username=null, password=null}}, heartbeatSocketSettings=SocketSettings{connectTimeoutMS=10000, readTimeoutMS=10000, receiveBufferSize=0, proxySettings=ProxySettings{host=null, port=null, username=null, password=null}}, connectionPoolSettings=ConnectionPoolSettings{maxSize=100, minSize=0, maxWaitTimeMS=120000, maxConnectionLifeTimeMS=0, maxConnectionIdleTimeMS=0, maintenanceInitialDelayMS=0, maintenanceFrequencyMS=60000, connectionPoolListeners=[io.micrometer.core.instrument.binder.mongodb.MongoMetricsConnectionPoolListener@27b2a98], maxConnecting=2}, serverSettings=ServerSettings{heartbeatFrequencyMS=10000, minHeartbeatFrequencyMS=500, serverListeners='[]', serverMonitorListeners='[]'}, sslSettings=SslSettings{enabled=false, invalidHostNameAllowed=false, context=null}, applicationName='null', compressorList=[], uuidRepresentation=JAVA_LEGACY, serverApi=null, autoEncryptionSettings=null, dnsClient=null, inetAddressResolver=null, contextProvider=null}
2024-04-24T11:47:52.455+05:30  INFO 13428 --- [ibm-springboot-demo] [cluster-ClusterId{value='6628a41061c1bd127a94e80e', description='null'}-localhost:27017] org.mongodb.driver.cluster               : Monitor thread successfully connected to server with description ServerDescription{address=localhost:27017, type=STANDALONE, state=CONNECTED, ok=true, minWireVersion=0, maxWireVersion=21, maxDocumentSize=16777216, logicalSessionTimeoutMinutes=30, roundTripTimeNanos=39284700}
2024-04-24T11:47:52.457+05:30  INFO 23916 --- [ibm-springboot-demo] [cluster-ClusterId{value='6628a4103c87ea0207a84562', description='null'}-localhost:27017] org.mongodb.driver.cluster               : Monitor thread successfully connected to server with description ServerDescription{address=localhost:27017, type=STANDALONE, state=CONNECTED, ok=true, minWireVersion=0, maxWireVersion=21, maxDocumentSize=16777216, logicalSessionTimeoutMinutes=30, roundTripTimeNanos=40006500}
2024-04-24T11:47:52.842+05:30  INFO 13428 --- [ibm-springboot-demo] [restartedMain] o.s.b.d.a.OptionalLiveReloadServer       : LiveReload server is running on port 35729
2024-04-24T11:47:52.853+05:30  WARN 23916 --- [ibm-springboot-demo] [restartedMain] o.s.b.d.a.OptionalLiveReloadServer       : Unable to start LiveReload server
2024-04-24T11:47:53.886+05:30  INFO 13428 --- [ibm-springboot-demo] [restartedMain] o.s.b.a.w.s.WelcomePageHandlerMapping    : Adding welcome page template: index
2024-04-24T11:47:53.887+05:30  INFO 23916 --- [ibm-springboot-demo] [restartedMain] o.s.b.a.w.s.WelcomePageHandlerMapping    : Adding welcome page template: index
2024-04-24T11:47:55.442+05:30  INFO 13428 --- [ibm-springboot-demo] [restartedMain] o.s.b.a.e.web.EndpointLinksResolver      : Exposing 15 endpoint(s) beneath base path '/actuator'
2024-04-24T11:47:55.481+05:30  INFO 23916 --- [ibm-springboot-demo] [restartedMain] o.s.b.a.e.web.EndpointLinksResolver      : Exposing 15 endpoint(s) beneath base path '/actuator'
2024-04-24T11:47:55.585+05:30  WARN 23916 --- [ibm-springboot-demo] [restartedMain] ConfigServletWebServerApplicationContext : Exception encountered during context initialization - cancelling refresh attempt: org.springframework.context.ApplicationContextException: Failed to start bean 'webServerStartStop'
2024-04-24T11:47:55.592+05:30  INFO 13428 --- [ibm-springboot-demo] [restartedMain] o.s.b.w.embedded.tomcat.TomcatWebServer  : Tomcat started on port 9090 (http) with context path ''
2024-04-24T11:47:55.625+05:30  INFO 13428 --- [ibm-springboot-demo] [restartedMain] com.ibm.springboot.demo.App              : Started App in 7.774 seconds (process running for 8.629)
2024-04-24T11:47:55.637+05:30  INFO 13428 --- [ibm-springboot-demo] [restartedMain] com.ibm.springboot.demo.App              : Started.
2024-04-24T11:47:55.640+05:30  INFO 23916 --- [ibm-springboot-demo] [restartedMain] .s.b.a.l.ConditionEvaluationReportLogger : 

Error starting ApplicationContext. To display the condition evaluation report re-run your application with 'debug' enabled.
2024-04-24T11:47:55.673+05:30 ERROR 23916 --- [ibm-springboot-demo] [restartedMain] o.s.b.d.LoggingFailureAnalysisReporter   : 

***************************
APPLICATION FAILED TO START
***************************

Description:

Web server failed to start. Port 9090 was already in use.

Action:

Identify and stop the process that's listening on port 9090 or configure this application to listen on another port.

2024-04-24T11:49:57.132+05:30  INFO 13428 --- [ibm-springboot-demo] [File Watcher] rtingClassPathChangeChangedEventListener : Restarting due to 1 class path change (0 additions, 0 deletions, 1 modification)
2024-04-24T11:49:57.272+05:30  INFO 13428 --- [ibm-springboot-demo] [restartedMain] com.ibm.springboot.demo.App              : Starting...
2024-04-24T11:49:57.349+05:30  INFO 13428 --- [ibm-springboot-demo] [restartedMain] com.ibm.springboot.demo.App              : Starting App using Java 17.0.10 with PID 13428 (C:\Users\SiddharthBhamare\Documents\workspace-spring-tool-suite-4-4.22.0.RELEASE\ibm-spring-demo\ibm-springboot-demo\ibm-springboot-demo\target\classes started by SiddharthBhamare in C:\Users\SiddharthBhamare\Documents\workspace-spring-tool-suite-4-4.22.0.RELEASE\ibm-spring-demo\ibm-springboot-demo\ibm-springboot-demo)
2024-04-24T11:49:57.350+05:30  INFO 13428 --- [ibm-springboot-demo] [restartedMain] com.ibm.springboot.demo.App              : No active profile set, falling back to 1 default profile: "default"
2024-04-24T11:49:58.670+05:30  INFO 13428 --- [ibm-springboot-demo] [restartedMain] .s.d.r.c.RepositoryConfigurationDelegate : Bootstrapping Spring Data MongoDB repositories in DEFAULT mode.
2024-04-24T11:49:58.693+05:30  INFO 13428 --- [ibm-springboot-demo] [restartedMain] .s.d.r.c.RepositoryConfigurationDelegate : Finished Spring Data repository scanning in 21 ms. Found 2 MongoDB repository interfaces.
2024-04-24T11:49:59.217+05:30  INFO 13428 --- [ibm-springboot-demo] [restartedMain] o.s.b.w.embedded.tomcat.TomcatWebServer  : Tomcat initialized with port 9099 (http)
2024-04-24T11:49:59.218+05:30  INFO 13428 --- [ibm-springboot-demo] [restartedMain] o.apache.catalina.core.StandardService   : Starting service [Tomcat]
2024-04-24T11:49:59.219+05:30  INFO 13428 --- [ibm-springboot-demo] [restartedMain] o.apache.catalina.core.StandardEngine    : Starting Servlet engine: [Apache Tomcat/10.1.19]
2024-04-24T11:49:59.307+05:30  INFO 13428 --- [ibm-springboot-demo] [restartedMain] o.a.c.c.C.[Tomcat].[localhost].[/]       : Initializing Spring embedded WebApplicationContext
2024-04-24T11:49:59.307+05:30  INFO 13428 --- [ibm-springboot-demo] [restartedMain] w.s.c.ServletWebServerApplicationContext : Root WebApplicationContext: initialization completed in 1952 ms
2024-04-24T11:49:59.792+05:30  INFO 13428 --- [ibm-springboot-demo] [restartedMain] org.mongodb.driver.client                : MongoClient with metadata {"driver": {"name": "mongo-java-driver|sync|spring-boot", "version": "4.11.1"}, "os": {"type": "Windows", "name": "Windows 11", "architecture": "amd64", "version": "10.0"}, "platform": "Java/Eclipse Adoptium/17.0.10+7"} created with settings MongoClientSettings{readPreference=primary, writeConcern=WriteConcern{w=null, wTimeout=null ms, journal=null}, retryWrites=true, retryReads=true, readConcern=ReadConcern{level=null}, credential=null, transportSettings=null, streamFactoryFactory=null, commandListeners=[io.micrometer.core.instrument.binder.mongodb.MongoMetricsCommandListener@458766a3], codecRegistry=ProvidersCodecRegistry{codecProviders=[ValueCodecProvider{}, BsonValueCodecProvider{}, DBRefCodecProvider{}, DBObjectCodecProvider{}, DocumentCodecProvider{}, CollectionCodecProvider{}, IterableCodecProvider{}, MapCodecProvider{}, GeoJsonCodecProvider{}, GridFSFileCodecProvider{}, Jsr310CodecProvider{}, JsonObjectCodecProvider{}, BsonCodecProvider{}, EnumCodecProvider{}, com.mongodb.client.model.mql.ExpressionCodecProvider@478ef38c, com.mongodb.Jep395RecordCodecProvider@7eb13801, com.mongodb.KotlinCodecProvider@353649b]}, loggerSettings=LoggerSettings{maxDocumentLength=1000}, clusterSettings={hosts=[localhost:27017], srvServiceName=mongodb, mode=SINGLE, requiredClusterType=UNKNOWN, requiredReplicaSetName='null', serverSelector='null', clusterListeners='[]', serverSelectionTimeout='30000 ms', localThreshold='15 ms'}, socketSettings=SocketSettings{connectTimeoutMS=10000, readTimeoutMS=0, receiveBufferSize=0, proxySettings=ProxySettings{host=null, port=null, username=null, password=null}}, heartbeatSocketSettings=SocketSettings{connectTimeoutMS=10000, readTimeoutMS=10000, receiveBufferSize=0, proxySettings=ProxySettings{host=null, port=null, username=null, password=null}}, connectionPoolSettings=ConnectionPoolSettings{maxSize=100, minSize=0, maxWaitTimeMS=120000, maxConnectionLifeTimeMS=0, maxConnectionIdleTimeMS=0, maintenanceInitialDelayMS=0, maintenanceFrequencyMS=60000, connectionPoolListeners=[io.micrometer.core.instrument.binder.mongodb.MongoMetricsConnectionPoolListener@457243ea], maxConnecting=2}, serverSettings=ServerSettings{heartbeatFrequencyMS=10000, minHeartbeatFrequencyMS=500, serverListeners='[]', serverMonitorListeners='[]'}, sslSettings=SslSettings{enabled=false, invalidHostNameAllowed=false, context=null}, applicationName='null', compressorList=[], uuidRepresentation=JAVA_LEGACY, serverApi=null, autoEncryptionSettings=null, dnsClient=null, inetAddressResolver=null, contextProvider=null}
2024-04-24T11:49:59.795+05:30  INFO 13428 --- [ibm-springboot-demo] [cluster-ClusterId{value='6628a48f61c1bd127a94e80f', description='null'}-localhost:27017] org.mongodb.driver.cluster               : Monitor thread successfully connected to server with description ServerDescription{address=localhost:27017, type=STANDALONE, state=CONNECTED, ok=true, minWireVersion=0, maxWireVersion=21, maxDocumentSize=16777216, logicalSessionTimeoutMinutes=30, roundTripTimeNanos=2910400}
2024-04-24T11:50:00.031+05:30  INFO 13428 --- [ibm-springboot-demo] [restartedMain] o.s.b.d.a.OptionalLiveReloadServer       : LiveReload server is running on port 35729
2024-04-24T11:50:01.478+05:30  INFO 13428 --- [ibm-springboot-demo] [restartedMain] o.s.b.a.w.s.WelcomePageHandlerMapping    : Adding welcome page template: index
2024-04-24T11:50:03.674+05:30  INFO 13428 --- [ibm-springboot-demo] [restartedMain] o.s.b.a.e.web.EndpointLinksResolver      : Exposing 15 endpoint(s) beneath base path '/actuator'
2024-04-24T11:50:03.828+05:30  INFO 13428 --- [ibm-springboot-demo] [restartedMain] o.s.b.w.embedded.tomcat.TomcatWebServer  : Tomcat started on port 9099 (http) with context path ''
2024-04-24T11:50:03.880+05:30  INFO 13428 --- [ibm-springboot-demo] [restartedMain] com.ibm.springboot.demo.App              : Started App in 6.594 seconds (process running for 136.884)
2024-04-24T11:50:03.890+05:30  INFO 13428 --- [ibm-springboot-demo] [restartedMain] .ConditionEvaluationDeltaLoggingListener : Condition evaluation unchanged
2024-04-24T11:50:03.891+05:30  INFO 13428 --- [ibm-springboot-demo] [restartedMain] com.ibm.springboot.demo.App              : Started.
2024-04-24T11:50:23.519+05:30  INFO 13428 --- [ibm-springboot-demo] [http-nio-9099-exec-2] o.a.c.c.C.[Tomcat].[localhost].[/]       : Initializing Spring DispatcherServlet 'dispatcherServlet'
2024-04-24T11:50:23.519+05:30  INFO 13428 --- [ibm-springboot-demo] [http-nio-9099-exec-2] o.s.web.servlet.DispatcherServlet        : Initializing Servlet 'dispatcherServlet'
2024-04-24T11:50:23.522+05:30  INFO 13428 --- [ibm-springboot-demo] [http-nio-9099-exec-2] o.s.web.servlet.DispatcherServlet        : Completed initialization in 2 ms
2024-04-24T11:50:23.575+05:30  INFO 13428 --- [ibm-springboot-demo] [http-nio-9099-exec-2] c.i.s.demo.aspect.EmployeeServiceAspect  : Before a method from EmployeeServiceImpl was invoked.
2024-04-24T11:50:23.575+05:30  INFO 13428 --- [ibm-springboot-demo] [http-nio-9099-exec-2] c.i.s.demo.service.EmployeeServiceImpl   : getAllEmployees
2024-04-24T11:50:23.756+05:30  INFO 13428 --- [ibm-springboot-demo] [http-nio-9099-exec-2] c.i.s.demo.aspect.EmployeeServiceAspect  : AfterReturing a method from EmployeeServiceImpl was invoked.
2024-04-24T11:50:23.756+05:30  INFO 13428 --- [ibm-springboot-demo] [http-nio-9099-exec-2] c.i.s.demo.aspect.EmployeeServiceAspect  : After a method from EmployeeServiceImpl was invoked.
2024-04-24T11:50:41.365+05:30  INFO 13428 --- [ibm-springboot-demo] [http-nio-9099-exec-3] c.i.s.demo.aspect.EmployeeServiceAspect  : Before a method from EmployeeServiceImpl was invoked.
2024-04-24T11:50:41.366+05:30  INFO 13428 --- [ibm-springboot-demo] [http-nio-9099-exec-3] c.i.s.demo.service.EmployeeServiceImpl   : getAllEmployees
2024-04-24T11:50:41.385+05:30  INFO 13428 --- [ibm-springboot-demo] [http-nio-9099-exec-3] c.i.s.demo.aspect.EmployeeServiceAspect  : AfterReturing a method from EmployeeServiceImpl was invoked.
2024-04-24T11:50:41.386+05:30  INFO 13428 --- [ibm-springboot-demo] [http-nio-9099-exec-3] c.i.s.demo.aspect.EmployeeServiceAspect  : After a method from EmployeeServiceImpl was invoked.
2024-04-24T11:53:12.225+05:30  INFO 13428 --- [ibm-springboot-demo] [http-nio-9099-exec-6] c.i.s.demo.aspect.EmployeeServiceAspect  : Before a method from EmployeeServiceImpl was invoked.
2024-04-24T11:53:12.226+05:30  INFO 13428 --- [ibm-springboot-demo] [http-nio-9099-exec-6] c.i.s.demo.service.EmployeeServiceImpl   : getAllEmployees
2024-04-24T11:53:12.239+05:30  INFO 13428 --- [ibm-springboot-demo] [http-nio-9099-exec-6] c.i.s.demo.aspect.EmployeeServiceAspect  : AfterReturing a method from EmployeeServiceImpl was invoked.
2024-04-24T11:53:12.245+05:30  INFO 13428 --- [ibm-springboot-demo] [http-nio-9099-exec-6] c.i.s.demo.aspect.EmployeeServiceAspect  : After a method from EmployeeServiceImpl was invoked.
2024-04-24T11:53:27.778+05:30  INFO 13428 --- [ibm-springboot-demo] [http-nio-9099-exec-8] c.i.s.demo.aspect.EmployeeServiceAspect  : Before a method from EmployeeServiceImpl was invoked.
2024-04-24T11:53:27.778+05:30  INFO 13428 --- [ibm-springboot-demo] [http-nio-9099-exec-8] c.i.s.demo.service.EmployeeServiceImpl   : getAllEmployees
2024-04-24T11:53:27.786+05:30  INFO 13428 --- [ibm-springboot-demo] [http-nio-9099-exec-8] c.i.s.demo.aspect.EmployeeServiceAspect  : AfterReturing a method from EmployeeServiceImpl was invoked.
2024-04-24T11:53:27.786+05:30  INFO 13428 --- [ibm-springboot-demo] [http-nio-9099-exec-8] c.i.s.demo.aspect.EmployeeServiceAspect  : After a method from EmployeeServiceImpl was invoked.
2024-04-24T11:53:49.445+05:30  INFO 13428 --- [ibm-springboot-demo] [http-nio-9099-exec-10] c.i.s.demo.aspect.EmployeeServiceAspect  : Before a method from EmployeeServiceImpl was invoked.
2024-04-24T11:53:49.449+05:30  INFO 13428 --- [ibm-springboot-demo] [http-nio-9099-exec-10] c.i.s.demo.service.EmployeeServiceImpl   : getAllEmployees
2024-04-24T11:53:49.493+05:30  INFO 13428 --- [ibm-springboot-demo] [http-nio-9099-exec-10] c.i.s.demo.aspect.EmployeeServiceAspect  : AfterReturing a method from EmployeeServiceImpl was invoked.
2024-04-24T11:53:49.494+05:30  INFO 13428 --- [ibm-springboot-demo] [http-nio-9099-exec-10] c.i.s.demo.aspect.EmployeeServiceAspect  : After a method from EmployeeServiceImpl was invoked.
2024-04-24T11:53:58.293+05:30  INFO 13428 --- [ibm-springboot-demo] [http-nio-9099-exec-2] c.i.s.demo.aspect.EmployeeServiceAspect  : Before a method from EmployeeServiceImpl was invoked.
2024-04-24T11:53:58.293+05:30  INFO 13428 --- [ibm-springboot-demo] [http-nio-9099-exec-2] c.i.s.demo.service.EmployeeServiceImpl   : getAllEmployees
2024-04-24T11:53:58.303+05:30  INFO 13428 --- [ibm-springboot-demo] [http-nio-9099-exec-2] c.i.s.demo.aspect.EmployeeServiceAspect  : AfterReturing a method from EmployeeServiceImpl was invoked.
2024-04-24T11:53:58.303+05:30  INFO 13428 --- [ibm-springboot-demo] [http-nio-9099-exec-2] c.i.s.demo.aspect.EmployeeServiceAspect  : After a method from EmployeeServiceImpl was invoked.
2024-04-24T11:54:26.979+05:30  INFO 13428 --- [ibm-springboot-demo] [http-nio-9099-exec-4] c.i.s.demo.aspect.EmployeeServiceAspect  : Before a method from EmployeeServiceImpl was invoked.
2024-04-24T11:54:26.980+05:30  INFO 13428 --- [ibm-springboot-demo] [http-nio-9099-exec-4] c.i.s.demo.service.EmployeeServiceImpl   : getAllEmployees
2024-04-24T11:54:26.993+05:30  INFO 13428 --- [ibm-springboot-demo] [http-nio-9099-exec-4] c.i.s.demo.aspect.EmployeeServiceAspect  : AfterReturing a method from EmployeeServiceImpl was invoked.
2024-04-24T11:54:26.993+05:30  INFO 13428 --- [ibm-springboot-demo] [http-nio-9099-exec-4] c.i.s.demo.aspect.EmployeeServiceAspect  : After a method from EmployeeServiceImpl was invoked.
2024-04-24T11:59:11.466+05:30  INFO 13428 --- [ibm-springboot-demo] [http-nio-9099-exec-6] c.i.s.demo.aspect.EmployeeServiceAspect  : Before a method from EmployeeServiceImpl was invoked.
2024-04-24T11:59:11.467+05:30  INFO 13428 --- [ibm-springboot-demo] [http-nio-9099-exec-6] c.i.s.demo.service.EmployeeServiceImpl   : getAllEmployees
2024-04-24T11:59:11.474+05:30  INFO 13428 --- [ibm-springboot-demo] [http-nio-9099-exec-6] c.i.s.demo.aspect.EmployeeServiceAspect  : AfterReturing a method from EmployeeServiceImpl was invoked.
2024-04-24T11:59:11.474+05:30  INFO 13428 --- [ibm-springboot-demo] [http-nio-9099-exec-6] c.i.s.demo.aspect.EmployeeServiceAspect  : After a method from EmployeeServiceImpl was invoked.
2024-04-24T11:59:47.117+05:30  INFO 13428 --- [ibm-springboot-demo] [http-nio-9099-exec-8] c.i.s.demo.aspect.EmployeeServiceAspect  : Before a method from EmployeeServiceImpl was invoked.
2024-04-24T11:59:47.118+05:30  INFO 13428 --- [ibm-springboot-demo] [http-nio-9099-exec-8] c.i.s.demo.service.EmployeeServiceImpl   : getAllEmployees
2024-04-24T11:59:47.126+05:30  INFO 13428 --- [ibm-springboot-demo] [http-nio-9099-exec-8] c.i.s.demo.aspect.EmployeeServiceAspect  : AfterReturing a method from EmployeeServiceImpl was invoked.
2024-04-24T11:59:47.126+05:30  INFO 13428 --- [ibm-springboot-demo] [http-nio-9099-exec-8] c.i.s.demo.aspect.EmployeeServiceAspect  : After a method from EmployeeServiceImpl was invoked.
2024-04-24T12:13:12.796+05:30  INFO 13428 --- [ibm-springboot-demo] [http-nio-9099-exec-1] c.i.s.demo.aspect.EmployeeServiceAspect  : Before a method from EmployeeServiceImpl was invoked.
2024-04-24T12:13:12.797+05:30  INFO 13428 --- [ibm-springboot-demo] [http-nio-9099-exec-1] c.i.s.demo.service.EmployeeServiceImpl   : Employee [employeeId=null, firstName=Vinu, email=vinu@gmail.com, aadhaar=787878787878, salary=78900.0]
2024-04-24T12:13:12.939+05:30  INFO 13428 --- [ibm-springboot-demo] [http-nio-9099-exec-1] c.i.s.demo.aspect.EmployeeServiceAspect  : AfterReturing a method from EmployeeServiceImpl was invoked.
2024-04-24T12:13:12.939+05:30  INFO 13428 --- [ibm-springboot-demo] [http-nio-9099-exec-1] c.i.s.demo.aspect.EmployeeServiceAspect  : After a method from EmployeeServiceImpl was invoked.
2024-04-24T12:51:00.847+05:30  INFO 13428 --- [ibm-springboot-demo] [File Watcher] rtingClassPathChangeChangedEventListener : Restarting due to 26 class path changes (0 additions, 26 deletions, 0 modifications)
2024-04-24T12:51:00.974+05:30  INFO 13428 --- [ibm-springboot-demo] [restartedMain] com.ibm.springboot.demo.App              : Starting...
2024-04-24T12:51:07.244+05:30  INFO 13428 --- [ibm-springboot-demo] [restartedMain] com.ibm.springboot.demo.App              : Starting App using Java 17.0.10 with PID 13428 (C:\Users\SiddharthBhamare\Documents\workspace-spring-tool-suite-4-4.22.0.RELEASE\ibm-spring-demo\ibm-springboot-demo\ibm-springboot-demo\target\classes started by SiddharthBhamare in C:\Users\SiddharthBhamare\Documents\workspace-spring-tool-suite-4-4.22.0.RELEASE\ibm-spring-demo\ibm-springboot-demo\ibm-springboot-demo)
2024-04-24T12:51:07.246+05:30  INFO 13428 --- [ibm-springboot-demo] [restartedMain] com.ibm.springboot.demo.App              : No active profile set, falling back to 1 default profile: "default"
2024-04-24T12:51:11.753+05:30  INFO 13428 --- [ibm-springboot-demo] [restartedMain] .s.d.r.c.RepositoryConfigurationDelegate : Bootstrapping Spring Data MongoDB repositories in DEFAULT mode.
2024-04-24T12:51:11.882+05:30  INFO 13428 --- [ibm-springboot-demo] [restartedMain] .s.d.r.c.RepositoryConfigurationDelegate : Finished Spring Data repository scanning in 129 ms. Found 2 MongoDB repository interfaces.
2024-04-24T12:51:12.474+05:30  INFO 13428 --- [ibm-springboot-demo] [restartedMain] o.s.b.w.embedded.tomcat.TomcatWebServer  : Tomcat initialized with port 9099 (http)
2024-04-24T12:51:12.476+05:30  INFO 13428 --- [ibm-springboot-demo] [restartedMain] o.apache.catalina.core.StandardService   : Starting service [Tomcat]
2024-04-24T12:51:12.476+05:30  INFO 13428 --- [ibm-springboot-demo] [restartedMain] o.apache.catalina.core.StandardEngine    : Starting Servlet engine: [Apache Tomcat/10.1.19]
2024-04-24T12:51:12.505+05:30  INFO 13428 --- [ibm-springboot-demo] [restartedMain] o.a.c.c.C.[Tomcat-1].[localhost].[/]     : Initializing Spring embedded WebApplicationContext
2024-04-24T12:51:12.505+05:30  INFO 13428 --- [ibm-springboot-demo] [restartedMain] w.s.c.ServletWebServerApplicationContext : Root WebApplicationContext: initialization completed in 5253 ms
2024-04-24T12:51:12.641+05:30  INFO 13428 --- [ibm-springboot-demo] [restartedMain] org.mongodb.driver.client                : MongoClient with metadata {"driver": {"name": "mongo-java-driver|sync|spring-boot", "version": "4.11.1"}, "os": {"type": "Windows", "name": "Windows 11", "architecture": "amd64", "version": "10.0"}, "platform": "Java/Eclipse Adoptium/17.0.10+7"} created with settings MongoClientSettings{readPreference=primary, writeConcern=WriteConcern{w=null, wTimeout=null ms, journal=null}, retryWrites=true, retryReads=true, readConcern=ReadConcern{level=null}, credential=null, transportSettings=null, streamFactoryFactory=null, commandListeners=[io.micrometer.core.instrument.binder.mongodb.MongoMetricsCommandListener@3892a3ba], codecRegistry=ProvidersCodecRegistry{codecProviders=[ValueCodecProvider{}, BsonValueCodecProvider{}, DBRefCodecProvider{}, DBObjectCodecProvider{}, DocumentCodecProvider{}, CollectionCodecProvider{}, IterableCodecProvider{}, MapCodecProvider{}, GeoJsonCodecProvider{}, GridFSFileCodecProvider{}, Jsr310CodecProvider{}, JsonObjectCodecProvider{}, BsonCodecProvider{}, EnumCodecProvider{}, com.mongodb.client.model.mql.ExpressionCodecProvider@478ef38c, com.mongodb.Jep395RecordCodecProvider@7eb13801, com.mongodb.KotlinCodecProvider@353649b]}, loggerSettings=LoggerSettings{maxDocumentLength=1000}, clusterSettings={hosts=[localhost:27017], srvServiceName=mongodb, mode=SINGLE, requiredClusterType=UNKNOWN, requiredReplicaSetName='null', serverSelector='null', clusterListeners='[]', serverSelectionTimeout='30000 ms', localThreshold='15 ms'}, socketSettings=SocketSettings{connectTimeoutMS=10000, readTimeoutMS=0, receiveBufferSize=0, proxySettings=ProxySettings{host=null, port=null, username=null, password=null}}, heartbeatSocketSettings=SocketSettings{connectTimeoutMS=10000, readTimeoutMS=10000, receiveBufferSize=0, proxySettings=ProxySettings{host=null, port=null, username=null, password=null}}, connectionPoolSettings=ConnectionPoolSettings{maxSize=100, minSize=0, maxWaitTimeMS=120000, maxConnectionLifeTimeMS=0, maxConnectionIdleTimeMS=0, maintenanceInitialDelayMS=0, maintenanceFrequencyMS=60000, connectionPoolListeners=[io.micrometer.core.instrument.binder.mongodb.MongoMetricsConnectionPoolListener@74ef3d33], maxConnecting=2}, serverSettings=ServerSettings{heartbeatFrequencyMS=10000, minHeartbeatFrequencyMS=500, serverListeners='[]', serverMonitorListeners='[]'}, sslSettings=SslSettings{enabled=false, invalidHostNameAllowed=false, context=null}, applicationName='null', compressorList=[], uuidRepresentation=JAVA_LEGACY, serverApi=null, autoEncryptionSettings=null, dnsClient=null, inetAddressResolver=null, contextProvider=null}
2024-04-24T12:51:12.684+05:30  INFO 13428 --- [ibm-springboot-demo] [cluster-ClusterId{value='6628b2e861c1bd127a94e812', description='null'}-localhost:27017] org.mongodb.driver.cluster               : Monitor thread successfully connected to server with description ServerDescription{address=localhost:27017, type=STANDALONE, state=CONNECTED, ok=true, minWireVersion=0, maxWireVersion=21, maxDocumentSize=16777216, logicalSessionTimeoutMinutes=30, roundTripTimeNanos=42494500}
2024-04-24T12:51:12.736+05:30  INFO 13428 --- [ibm-springboot-demo] [restartedMain] o.s.b.d.a.OptionalLiveReloadServer       : LiveReload server is running on port 35729
2024-04-24T12:51:13.349+05:30  INFO 13428 --- [ibm-springboot-demo] [restartedMain] o.s.b.a.w.s.WelcomePageHandlerMapping    : Adding welcome page template: index
2024-04-24T12:51:14.130+05:30  INFO 13428 --- [ibm-springboot-demo] [restartedMain] o.s.b.a.e.web.EndpointLinksResolver      : Exposing 15 endpoint(s) beneath base path '/actuator'
2024-04-24T12:51:14.186+05:30  INFO 13428 --- [ibm-springboot-demo] [restartedMain] o.s.b.w.embedded.tomcat.TomcatWebServer  : Tomcat started on port 9099 (http) with context path ''
2024-04-24T12:51:14.197+05:30  INFO 13428 --- [ibm-springboot-demo] [restartedMain] com.ibm.springboot.demo.App              : Started App in 7.324 seconds (process running for 3807.201)
2024-04-24T12:51:14.201+05:30  INFO 13428 --- [ibm-springboot-demo] [restartedMain] .ConditionEvaluationDeltaLoggingListener : Condition evaluation unchanged
2024-04-24T12:51:14.201+05:30  INFO 13428 --- [ibm-springboot-demo] [restartedMain] com.ibm.springboot.demo.App              : Started.
2024-04-24T12:54:28.049+05:30  INFO 13428 --- [ibm-springboot-demo] [http-nio-9099-exec-1] o.a.c.c.C.[Tomcat-1].[localhost].[/]     : Initializing Spring DispatcherServlet 'dispatcherServlet'
2024-04-24T12:54:28.050+05:30  INFO 13428 --- [ibm-springboot-demo] [http-nio-9099-exec-1] o.s.web.servlet.DispatcherServlet        : Initializing Servlet 'dispatcherServlet'
2024-04-24T12:54:28.053+05:30  INFO 13428 --- [ibm-springboot-demo] [http-nio-9099-exec-1] o.s.web.servlet.DispatcherServlet        : Completed initialization in 2 ms
2024-04-24T12:55:06.438+05:30  INFO 13428 --- [ibm-springboot-demo] [http-nio-9099-exec-5] c.i.s.demo.aspect.EmployeeServiceAspect  : Before a method from EmployeeServiceImpl was invoked.
2024-04-24T12:55:06.439+05:30  INFO 13428 --- [ibm-springboot-demo] [http-nio-9099-exec-5] c.i.s.demo.service.EmployeeServiceImpl   : getAllEmployees
2024-04-24T12:55:06.463+05:30  INFO 13428 --- [ibm-springboot-demo] [http-nio-9099-exec-5] c.i.s.demo.aspect.EmployeeServiceAspect  : AfterReturing a method from EmployeeServiceImpl was invoked.
2024-04-24T12:55:06.463+05:30  INFO 13428 --- [ibm-springboot-demo] [http-nio-9099-exec-5] c.i.s.demo.aspect.EmployeeServiceAspect  : After a method from EmployeeServiceImpl was invoked.
2024-04-24T13:01:06.367+05:30  INFO 13428 --- [ibm-springboot-demo] [http-nio-9099-exec-7] c.i.s.demo.aspect.EmployeeServiceAspect  : Before a method from EmployeeServiceImpl was invoked.
2024-04-24T13:01:06.390+05:30  INFO 13428 --- [ibm-springboot-demo] [http-nio-9099-exec-7] c.i.s.demo.aspect.EmployeeServiceAspect  : AfterReturing a method from EmployeeServiceImpl was invoked.
2024-04-24T13:01:06.391+05:30  INFO 13428 --- [ibm-springboot-demo] [http-nio-9099-exec-7] c.i.s.demo.aspect.EmployeeServiceAspect  : After a method from EmployeeServiceImpl was invoked.
2024-04-24T13:01:59.413+05:30  INFO 13428 --- [ibm-springboot-demo] [http-nio-9099-exec-9] c.i.s.demo.aspect.EmployeeServiceAspect  : Before a method from EmployeeServiceImpl was invoked.
2024-04-24T13:01:59.413+05:30  INFO 13428 --- [ibm-springboot-demo] [http-nio-9099-exec-9] c.i.s.demo.service.EmployeeServiceImpl   : Siddharth
2024-04-24T13:01:59.446+05:30  INFO 13428 --- [ibm-springboot-demo] [http-nio-9099-exec-9] c.i.s.demo.aspect.EmployeeServiceAspect  : AfterReturing a method from EmployeeServiceImpl was invoked.
2024-04-24T13:01:59.447+05:30  INFO 13428 --- [ibm-springboot-demo] [http-nio-9099-exec-9] c.i.s.demo.aspect.EmployeeServiceAspect  : After a method from EmployeeServiceImpl was invoked.
2024-04-24T15:05:16.695+05:30  INFO 13428 --- [ibm-springboot-demo] [http-nio-9099-exec-2] c.i.s.demo.aspect.EmployeeServiceAspect  : Before a method from EmployeeServiceImpl was invoked.
2024-04-24T15:05:16.701+05:30  INFO 13428 --- [ibm-springboot-demo] [http-nio-9099-exec-2] c.i.s.demo.service.EmployeeServiceImpl   : getAllEmployees
2024-04-24T15:05:16.748+05:30  INFO 13428 --- [ibm-springboot-demo] [http-nio-9099-exec-2] c.i.s.demo.aspect.EmployeeServiceAspect  : AfterReturing a method from EmployeeServiceImpl was invoked.
2024-04-24T15:05:16.748+05:30  INFO 13428 --- [ibm-springboot-demo] [http-nio-9099-exec-2] c.i.s.demo.aspect.EmployeeServiceAspect  : After a method from EmployeeServiceImpl was invoked.
2024-04-24T15:06:48.634+05:30  INFO 13428 --- [ibm-springboot-demo] [http-nio-9099-exec-7] c.i.s.demo.aspect.EmployeeServiceAspect  : Before a method from EmployeeServiceImpl was invoked.
2024-04-24T15:06:48.635+05:30  INFO 13428 --- [ibm-springboot-demo] [http-nio-9099-exec-7] c.i.s.demo.service.EmployeeServiceImpl   : getAllEmployees
2024-04-24T15:06:48.643+05:30  INFO 13428 --- [ibm-springboot-demo] [http-nio-9099-exec-7] c.i.s.demo.aspect.EmployeeServiceAspect  : AfterReturing a method from EmployeeServiceImpl was invoked.
2024-04-24T15:06:48.643+05:30  INFO 13428 --- [ibm-springboot-demo] [http-nio-9099-exec-7] c.i.s.demo.aspect.EmployeeServiceAspect  : After a method from EmployeeServiceImpl was invoked.
2024-04-24T17:11:42.079+05:30  INFO 13428 --- [ibm-springboot-demo] [http-nio-9099-exec-5] c.i.s.demo.aspect.EmployeeServiceAspect  : Before a method from EmployeeServiceImpl was invoked.
2024-04-24T17:11:42.085+05:30  INFO 13428 --- [ibm-springboot-demo] [http-nio-9099-exec-5] c.i.s.demo.service.EmployeeServiceImpl   : getAllEmployees
2024-04-24T17:11:42.147+05:30  INFO 13428 --- [ibm-springboot-demo] [http-nio-9099-exec-5] c.i.s.demo.aspect.EmployeeServiceAspect  : AfterReturing a method from EmployeeServiceImpl was invoked.
2024-04-24T17:11:42.148+05:30  INFO 13428 --- [ibm-springboot-demo] [http-nio-9099-exec-5] c.i.s.demo.aspect.EmployeeServiceAspect  : After a method from EmployeeServiceImpl was invoked.
2024-04-24T17:18:02.647+05:30  INFO 13428 --- [ibm-springboot-demo] [http-nio-9099-exec-7] c.i.s.demo.aspect.EmployeeServiceAspect  : Before a method from EmployeeServiceImpl was invoked.
2024-04-24T17:18:02.649+05:30  INFO 13428 --- [ibm-springboot-demo] [http-nio-9099-exec-7] c.i.s.demo.service.EmployeeServiceImpl   : getAllEmployees
2024-04-24T17:18:02.692+05:30  INFO 13428 --- [ibm-springboot-demo] [http-nio-9099-exec-7] c.i.s.demo.aspect.EmployeeServiceAspect  : AfterReturing a method from EmployeeServiceImpl was invoked.
2024-04-24T17:18:02.692+05:30  INFO 13428 --- [ibm-springboot-demo] [http-nio-9099-exec-7] c.i.s.demo.aspect.EmployeeServiceAspect  : After a method from EmployeeServiceImpl was invoked.
2024-04-24T17:59:01.852+05:30  INFO 13428 --- [ibm-springboot-demo] [RMI TCP Connection(337)-127.0.0.1] inMXBeanRegistrar$SpringApplicationAdmin : Application shutdown requested.
